17-Feb-23 18:21:51 - Error in the main thread: 
Traceback (most recent call last):
  File "/home/w/Documents/coding/Python/Parsers/marktplaats parser/main.py", line 18, in main
    await asyncio.gather(*tasks)
  File "/home/w/Documents/coding/Python/Parsers/marktplaats parser/src/pyro_modules/bot.py", line 33, in run
    await self._bot.start()
  File "/home/w/Documents/coding/Python/Parsers/marktplaats parser/venv/lib/python3.10/site-packages/pyrogram/methods/utilities/start.py", line 58, in start
    is_authorized = await self.connect()
  File "/home/w/Documents/coding/Python/Parsers/marktplaats parser/venv/lib/python3.10/site-packages/pyrogram/methods/auth/connect.py", line 40, in connect
    await self.load_session()
  File "/home/w/Documents/coding/Python/Parsers/marktplaats parser/venv/lib/python3.10/site-packages/pyrogram/client.py", line 619, in load_session
    raise AttributeError("The API key is required for new authorizations. "
AttributeError: The API key is required for new authorizations. More info: https://docs.pyrogram.org/start/auth
17-Feb-23 18:21:51 - Error in get_advertisement.py in send_requests_loop
Traceback (most recent call last):
  File "/home/w/Documents/coding/Python/Parsers/marktplaats parser/src/marketplace_requests/get_advertisement.py", line 66, in get_last_advertisement
    await asyncio.sleep(2)
  File "/usr/lib/python3.10/asyncio/tasks.py", line 605, in sleep
    return await future
asyncio.exceptions.CancelledError

During handling of the above exception, another exception occurred:

Traceback (most recent call last):
  File "/home/w/Documents/coding/Python/Parsers/marktplaats parser/src/marketplace_requests/get_advertisement.py", line 108, in send_requests_loop
    offers_list = await send_requests(links=links)
  File "/home/w/Documents/coding/Python/Parsers/marktplaats parser/src/marketplace_requests/get_advertisement.py", line 94, in send_requests
    responses = await asyncio.gather(*tasks)
asyncio.exceptions.CancelledError
17-Feb-23 18:21:57 - Error in get_advertisement.py in send_requests_loop
Traceback (most recent call last):
  File "/home/w/Documents/coding/Python/Parsers/marktplaats parser/src/marketplace_requests/get_advertisement.py", line 109, in send_requests_loop
    await update_json_file(offers_list, client)
  File "/home/w/Documents/coding/Python/Parsers/marktplaats parser/src/data_handlers/json_data_handler.py", line 20, in update_json_file
    await send_update(client, i)
  File "/home/w/Documents/coding/Python/Parsers/marktplaats parser/src/pyro_modules/send_update.py", line 8, in send_update
    async with client:
  File "/home/w/Documents/coding/Python/Parsers/marktplaats parser/venv/lib/python3.10/site-packages/pyrogram/client.py", line 311, in __aenter__
    return await self.start()
  File "/home/w/Documents/coding/Python/Parsers/marktplaats parser/venv/lib/python3.10/site-packages/pyrogram/methods/utilities/start.py", line 58, in start
    is_authorized = await self.connect()
  File "/home/w/Documents/coding/Python/Parsers/marktplaats parser/venv/lib/python3.10/site-packages/pyrogram/methods/auth/connect.py", line 40, in connect
    await self.load_session()
  File "/home/w/Documents/coding/Python/Parsers/marktplaats parser/venv/lib/python3.10/site-packages/pyrogram/client.py", line 619, in load_session
    raise AttributeError("The API key is required for new authorizations. "
AttributeError: The API key is required for new authorizations. More info: https://docs.pyrogram.org/start/auth
17-Feb-23 18:22:02 - Error in get_advertisement.py in send_requests_loop
Traceback (most recent call last):
  File "/home/w/Documents/coding/Python/Parsers/marktplaats parser/src/marketplace_requests/get_advertisement.py", line 109, in send_requests_loop
    await update_json_file(offers_list, client)
  File "/home/w/Documents/coding/Python/Parsers/marktplaats parser/src/data_handlers/json_data_handler.py", line 20, in update_json_file
    await send_update(client, i)
  File "/home/w/Documents/coding/Python/Parsers/marktplaats parser/src/pyro_modules/send_update.py", line 8, in send_update
    async with client:
  File "/home/w/Documents/coding/Python/Parsers/marktplaats parser/venv/lib/python3.10/site-packages/pyrogram/client.py", line 311, in __aenter__
    return await self.start()
  File "/home/w/Documents/coding/Python/Parsers/marktplaats parser/venv/lib/python3.10/site-packages/pyrogram/methods/utilities/start.py", line 58, in start
    is_authorized = await self.connect()
  File "/home/w/Documents/coding/Python/Parsers/marktplaats parser/venv/lib/python3.10/site-packages/pyrogram/methods/auth/connect.py", line 40, in connect
    await self.load_session()
  File "/home/w/Documents/coding/Python/Parsers/marktplaats parser/venv/lib/python3.10/site-packages/pyrogram/client.py", line 619, in load_session
    raise AttributeError("The API key is required for new authorizations. "
AttributeError: The API key is required for new authorizations. More info: https://docs.pyrogram.org/start/auth
17-Feb-23 18:22:19 - Error in get_advertisement.py in send_requests_loop
Traceback (most recent call last):
  File "/home/w/Documents/coding/Python/Parsers/marktplaats parser/src/marketplace_requests/get_advertisement.py", line 109, in send_requests_loop
    await update_json_file(offers_list, client)
  File "/home/w/Documents/coding/Python/Parsers/marktplaats parser/src/data_handlers/json_data_handler.py", line 20, in update_json_file
    await send_update(client, i)
  File "/home/w/Documents/coding/Python/Parsers/marktplaats parser/src/pyro_modules/send_update.py", line 8, in send_update
    async with client:
  File "/home/w/Documents/coding/Python/Parsers/marktplaats parser/venv/lib/python3.10/site-packages/pyrogram/client.py", line 311, in __aenter__
    return await self.start()
  File "/home/w/Documents/coding/Python/Parsers/marktplaats parser/venv/lib/python3.10/site-packages/pyrogram/methods/utilities/start.py", line 58, in start
    is_authorized = await self.connect()
  File "/home/w/Documents/coding/Python/Parsers/marktplaats parser/venv/lib/python3.10/site-packages/pyrogram/methods/auth/connect.py", line 40, in connect
    await self.load_session()
  File "/home/w/Documents/coding/Python/Parsers/marktplaats parser/venv/lib/python3.10/site-packages/pyrogram/client.py", line 619, in load_session
    raise AttributeError("The API key is required for new authorizations. "
AttributeError: The API key is required for new authorizations. More info: https://docs.pyrogram.org/start/auth
